# JRE version: Java(TM) SE Runtime Environment (8.0_65-b17) (build 1.8.0_65-b17)
# Java VM: Java HotSpot(TM) Client VM (25.65-b01 mixed mode windows-x86 )
Heap:
 def new generation   total 4928K, used 4667K [0x04a00000, 0x04f50000, 0x09f50000)
  eden space 4416K,  94% used [0x04a00000, 0x04e0ec80, 0x04e50000)
  from space 512K,  99% used [0x04e50000, 0x04ecfff8, 0x04ed0000)
  to   space 512K,   0% used [0x04ed0000, 0x04ed0000, 0x04f50000)
 tenured generation   total 10944K, used 5319K [0x09f50000, 0x0aa00000, 0x14a00000)
   the space 10944K,  48% used [0x09f50000, 0x0a481db8, 0x0a481e00, 0x0aa00000)
 Metaspace       used 7926K, capacity 8106K, committed 8192K, reserved 8576K
GC Heap History (10 events):
Event: 0.693 GC heap before
{Heap before GC invocations=1 (full 0):
 def new generation   total 4928K, used 4928K [0x04a00000, 0x04f50000, 0x09f50000)
  eden space 4416K, 100% used [0x04a00000, 0x04e50000, 0x04e50000)
  from space 512K, 100% used [0x04ed0000, 0x04f50000, 0x04f50000)
  to   space 512K,   0% used [0x04e50000, 0x04e50000, 0x04ed0000)
 tenured generation   total 10944K, used 572K [0x09f50000, 0x0aa00000, 0x14a00000)
   the space 10944K,   5% used [0x09f50000, 0x09fdf3a0, 0x09fdf400, 0x0aa00000)
 Metaspace       used 4191K, capacity 4299K, committed 4416K, reserved 4480K
Event: 0.698 GC heap after
Heap after GC invocations=2 (full 0):
 def new generation   total 4928K, used 512K [0x04a00000, 0x04f50000, 0x09f50000)
  eden space 4416K,   0% used [0x04a00000, 0x04a00000, 0x04e50000)
  from space 512K, 100% used [0x04e50000, 0x04ed0000, 0x04ed0000)
  to   space 512K,   0% used [0x04ed0000, 0x04ed0000, 0x04f50000)
 tenured generation   total 10944K, used 1520K [0x09f50000, 0x0aa00000, 0x14a00000)
   the space 10944K,  13% used [0x09f50000, 0x0a0cc148, 0x0a0cc200, 0x0aa00000)
 Metaspace       used 4191K, capacity 4299K, committed 4416K, reserved 4480K
}
Event: 0.880 GC heap before
{Heap before GC invocations=2 (full 0):
 def new generation   total 4928K, used 4928K [0x04a00000, 0x04f50000, 0x09f50000)
  eden space 4416K, 100% used [0x04a00000, 0x04e50000, 0x04e50000)
  from space 512K, 100% used [0x04e50000, 0x04ed0000, 0x04ed0000)
  to   space 512K,   0% used [0x04ed0000, 0x04ed0000, 0x04f50000)
 tenured generation   total 10944K, used 1520K [0x09f50000, 0x0aa00000, 0x14a00000)
   the space 10944K,  13% used [0x09f50000, 0x0a0cc148, 0x0a0cc200, 0x0aa00000)
 Metaspace       used 5698K, capacity 5866K, committed 5888K, reserved 6528K
Event: 0.886 GC heap after
Heap after GC invocations=3 (full 0):
 def new generation   total 4928K, used 512K [0x04a00000, 0x04f50000, 0x09f50000)
  eden space 4416K,   0% used [0x04a00000, 0x04a00000, 0x04e50000)
  from space 512K, 100% used [0x04ed0000, 0x04f50000, 0x04f50000)
  to   space 512K,   0% used [0x04e50000, 0x04e50000, 0x04ed0000)
 tenured generation   total 10944K, used 2545K [0x09f50000, 0x0aa00000, 0x14a00000)
   the space 10944K,  23% used [0x09f50000, 0x0a1cc600, 0x0a1cc600, 0x0aa00000)
 Metaspace       used 5698K, capacity 5866K, committed 5888K, reserved 6528K
}
Event: 1.008 GC heap before
{Heap before GC invocations=3 (full 0):
 def new generation   total 4928K, used 4928K [0x04a00000, 0x04f50000, 0x09f50000)
  eden space 4416K, 100% used [0x04a00000, 0x04e50000, 0x04e50000)
  from space 512K, 100% used [0x04ed0000, 0x04f50000, 0x04f50000)
  to   space 512K,   0% used [0x04e50000, 0x04e50000, 0x04ed0000)
 tenured generation   total 10944K, used 2545K [0x09f50000, 0x0aa00000, 0x14a00000)
   the space 10944K,  23% used [0x09f50000, 0x0a1cc600, 0x0a1cc600, 0x0aa00000)
 Metaspace       used 6506K, capacity 6698K, committed 6784K, reserved 7552K
Event: 1.012 GC heap after
Heap after GC invocations=4 (full 0):
 def new generation   total 4928K, used 512K [0x04a00000, 0x04f50000, 0x09f50000)
  eden space 4416K,   0% used [0x04a00000, 0x04a00000, 0x04e50000)
  from space 512K, 100% used [0x04e50000, 0x04ed0000, 0x04ed0000)
  to   space 512K,   0% used [0x04ed0000, 0x04ed0000, 0x04f50000)
 tenured generation   total 10944K, used 3567K [0x09f50000, 0x0aa00000, 0x14a00000)
   the space 10944K,  32% used [0x09f50000, 0x0a2cbf98, 0x0a2cc000, 0x0aa00000)
 Metaspace       used 6506K, capacity 6698K, committed 6784K, reserved 7552K
}
Event: 1.119 GC heap before
{Heap before GC invocations=4 (full 0):
 def new generation   total 4928K, used 4928K [0x04a00000, 0x04f50000, 0x09f50000)
  eden space 4416K, 100% used [0x04a00000, 0x04e50000, 0x04e50000)
  from space 512K, 100% used [0x04e50000, 0x04ed0000, 0x04ed0000)
  to   space 512K,   0% used [0x04ed0000, 0x04ed0000, 0x04f50000)
 tenured generation   total 10944K, used 3567K [0x09f50000, 0x0aa00000, 0x14a00000)
   the space 10944K,  32% used [0x09f50000, 0x0a2cbf98, 0x0a2cc000, 0x0aa00000)
 Metaspace       used 6975K, capacity 7146K, committed 7168K, reserved 7552K
Event: 1.122 GC heap after
Heap after GC invocations=5 (full 0):
 def new generation   total 4928K, used 511K [0x04a00000, 0x04f50000, 0x09f50000)
  eden space 4416K,   0% used [0x04a00000, 0x04a00000, 0x04e50000)
  from space 512K,  99% used [0x04ed0000, 0x04f4fff8, 0x04f50000)
  to   space 512K,   0% used [0x04e50000, 0x04e50000, 0x04ed0000)
 tenured generation   total 10944K, used 4379K [0x09f50000, 0x0aa00000, 0x14a00000)
   the space 10944K,  40% used [0x09f50000, 0x0a396fc0, 0x0a397000, 0x0aa00000)
 Metaspace       used 6975K, capacity 7146K, committed 7168K, reserved 7552K
}
Event: 1.288 GC heap before
{Heap before GC invocations=5 (full 0):
 def new generation   total 4928K, used 4927K [0x04a00000, 0x04f50000, 0x09f50000)
  eden space 4416K, 100% used [0x04a00000, 0x04e50000, 0x04e50000)
  from space 512K,  99% used [0x04ed0000, 0x04f4fff8, 0x04f50000)
  to   space 512K,   0% used [0x04e50000, 0x04e50000, 0x04ed0000)
 tenured generation   total 10944K, used 4379K [0x09f50000, 0x0aa00000, 0x14a00000)
   the space 10944K,  40% used [0x09f50000, 0x0a396fc0, 0x0a397000, 0x0aa00000)
 Metaspace       used 7523K, capacity 7690K, committed 7808K, reserved 8576K
Event: 1.291 GC heap after
Heap after GC invocations=6 (full 0):
 def new generation   total 4928K, used 511K [0x04a00000, 0x04f50000, 0x09f50000)
  eden space 4416K,   0% used [0x04a00000, 0x04a00000, 0x04e50000)
  from space 512K,  99% used [0x04e50000, 0x04ecfff8, 0x04ed0000)
  to   space 512K,   0% used [0x04ed0000, 0x04ed0000, 0x04f50000)
 tenured generation   total 10944K, used 5319K [0x09f50000, 0x0aa00000, 0x14a00000)
   the space 10944K,  48% used [0x09f50000, 0x0a481db8, 0x0a481e00, 0x0aa00000)
 Metaspace       used 7523K, capacity 7690K, committed 7808K, reserved 8576K
}

